{"/Users/jstern/rithm/exercises/33.1_express-jobly/express-jobly/app.js": {"path":"/Users/jstern/rithm/exercises/33.1_express-jobly/express-jobly/app.js","statementMap":{"0":{"start":{"line":5,"column":16},"end":{"line":5,"column":34}},"1":{"start":{"line":6,"column":13},"end":{"line":6,"column":28}},"2":{"start":{"line":8,"column":26},"end":{"line":8,"column":51}},"3":{"start":{"line":10,"column":28},"end":{"line":10,"column":56}},"4":{"start":{"line":11,"column":19},"end":{"line":11,"column":43}},"5":{"start":{"line":12,"column":24},"end":{"line":12,"column":53}},"6":{"start":{"line":13,"column":20},"end":{"line":13,"column":45}},"7":{"start":{"line":15,"column":15},"end":{"line":15,"column":32}},"8":{"start":{"line":17,"column":12},"end":{"line":17,"column":21}},"9":{"start":{"line":19,"column":0},"end":{"line":19,"column":16}},"10":{"start":{"line":20,"column":0},"end":{"line":20,"column":24}},"11":{"start":{"line":21,"column":0},"end":{"line":21,"column":24}},"12":{"start":{"line":22,"column":0},"end":{"line":22,"column":25}},"13":{"start":{"line":24,"column":0},"end":{"line":24,"column":29}},"14":{"start":{"line":25,"column":0},"end":{"line":25,"column":39}},"15":{"start":{"line":26,"column":0},"end":{"line":26,"column":31}},"16":{"start":{"line":30,"column":0},"end":{"line":32,"column":3}},"17":{"start":{"line":31,"column":2},"end":{"line":31,"column":28}},"18":{"start":{"line":35,"column":0},"end":{"line":43,"column":3}},"19":{"start":{"line":36,"column":2},"end":{"line":36,"column":64}},"20":{"start":{"line":36,"column":39},"end":{"line":36,"column":64}},"21":{"start":{"line":37,"column":17},"end":{"line":37,"column":34}},"22":{"start":{"line":38,"column":18},"end":{"line":38,"column":29}},"23":{"start":{"line":40,"column":2},"end":{"line":42,"column":5}},"24":{"start":{"line":45,"column":0},"end":{"line":45,"column":21}}},"fnMap":{"0":{"name":"(anonymous_0)","decl":{"start":{"line":30,"column":8},"end":{"line":30,"column":9}},"loc":{"start":{"line":30,"column":34},"end":{"line":32,"column":1}},"line":30},"1":{"name":"(anonymous_1)","decl":{"start":{"line":35,"column":8},"end":{"line":35,"column":9}},"loc":{"start":{"line":35,"column":39},"end":{"line":43,"column":1}},"line":35}},"branchMap":{"0":{"loc":{"start":{"line":36,"column":2},"end":{"line":36,"column":64}},"type":"if","locations":[{"start":{"line":36,"column":2},"end":{"line":36,"column":64}},{"start":{},"end":{}}],"line":36},"1":{"loc":{"start":{"line":37,"column":17},"end":{"line":37,"column":34}},"type":"binary-expr","locations":[{"start":{"line":37,"column":17},"end":{"line":37,"column":27}},{"start":{"line":37,"column":31},"end":{"line":37,"column":34}}],"line":37}},"s":{"0":4,"1":4,"2":4,"3":4,"4":4,"5":4,"6":4,"7":4,"8":4,"9":4,"10":4,"11":4,"12":4,"13":4,"14":4,"15":4,"16":4,"17":2,"18":4,"19":36,"20":1,"21":36,"22":36,"23":36,"24":4},"f":{"0":2,"1":36},"b":{"0":[1,35],"1":[36,0]},"_coverageSchema":"1a1c01bbd47fc00a2c39e90264f33305004495a9","hash":"941766b5a4ab8e5cbc4266a59f2b49d478ac9264"}
,"/Users/jstern/rithm/exercises/33.1_express-jobly/express-jobly/config.js": {"path":"/Users/jstern/rithm/exercises/33.1_express-jobly/express-jobly/config.js","statementMap":{"0":{"start":{"line":5,"column":0},"end":{"line":5,"column":27}},"1":{"start":{"line":6,"column":0},"end":{"line":6,"column":18}},"2":{"start":{"line":8,"column":19},"end":{"line":8,"column":57}},"3":{"start":{"line":10,"column":13},"end":{"line":10,"column":38}},"4":{"start":{"line":14,"column":2},"end":{"line":16,"column":44}},"5":{"start":{"line":22,"column":27},"end":{"line":22,"column":67}},"6":{"start":{"line":24,"column":0},"end":{"line":24,"column":35}},"7":{"start":{"line":25,"column":0},"end":{"line":25,"column":46}},"8":{"start":{"line":26,"column":0},"end":{"line":26,"column":45}},"9":{"start":{"line":27,"column":0},"end":{"line":27,"column":61}},"10":{"start":{"line":28,"column":0},"end":{"line":28,"column":50}},"11":{"start":{"line":29,"column":0},"end":{"line":29,"column":19}},"12":{"start":{"line":31,"column":0},"end":{"line":36,"column":2}}},"fnMap":{"0":{"name":"getDatabaseUri","decl":{"start":{"line":13,"column":9},"end":{"line":13,"column":23}},"loc":{"start":{"line":13,"column":26},"end":{"line":17,"column":1}},"line":13}},"branchMap":{"0":{"loc":{"start":{"line":8,"column":19},"end":{"line":8,"column":57}},"type":"binary-expr","locations":[{"start":{"line":8,"column":19},"end":{"line":8,"column":41}},{"start":{"line":8,"column":45},"end":{"line":8,"column":57}}],"line":8},"1":{"loc":{"start":{"line":10,"column":13},"end":{"line":10,"column":38}},"type":"binary-expr","locations":[{"start":{"line":10,"column":13},"end":{"line":10,"column":30}},{"start":{"line":10,"column":34},"end":{"line":10,"column":38}}],"line":10},"2":{"loc":{"start":{"line":14,"column":9},"end":{"line":16,"column":43}},"type":"cond-expr","locations":[{"start":{"line":15,"column":8},"end":{"line":15,"column":37}},{"start":{"line":16,"column":8},"end":{"line":16,"column":43}}],"line":14},"3":{"loc":{"start":{"line":16,"column":8},"end":{"line":16,"column":43}},"type":"binary-expr","locations":[{"start":{"line":16,"column":8},"end":{"line":16,"column":32}},{"start":{"line":16,"column":36},"end":{"line":16,"column":43}}],"line":16},"4":{"loc":{"start":{"line":22,"column":27},"end":{"line":22,"column":67}},"type":"cond-expr","locations":[{"start":{"line":22,"column":61},"end":{"line":22,"column":62}},{"start":{"line":22,"column":65},"end":{"line":22,"column":67}}],"line":22}},"s":{"0":10,"1":10,"2":10,"3":10,"4":20,"5":10,"6":10,"7":10,"8":10,"9":10,"10":10,"11":10,"12":10},"f":{"0":20},"b":{"0":[10,0],"1":[10,9],"2":[17,3],"3":[3,1],"4":[9,1]},"_coverageSchema":"1a1c01bbd47fc00a2c39e90264f33305004495a9","hash":"396cc1339e95da0cedf5b0bcfe937f34d649b963"}
,"/Users/jstern/rithm/exercises/33.1_express-jobly/express-jobly/db.js": {"path":"/Users/jstern/rithm/exercises/33.1_express-jobly/express-jobly/db.js","statementMap":{"0":{"start":{"line":5,"column":19},"end":{"line":5,"column":32}},"1":{"start":{"line":6,"column":27},"end":{"line":6,"column":46}},"2":{"start":{"line":8,"column":11},"end":{"line":10,"column":2}},"3":{"start":{"line":12,"column":0},"end":{"line":12,"column":13}},"4":{"start":{"line":14,"column":0},"end":{"line":14,"column":20}}},"fnMap":{},"branchMap":{},"s":{"0":7,"1":7,"2":7,"3":7,"4":7},"f":{},"b":{},"_coverageSchema":"1a1c01bbd47fc00a2c39e90264f33305004495a9","hash":"4f96d2169fe289aceb6654ee129f109b9e84c692"}
,"/Users/jstern/rithm/exercises/33.1_express-jobly/express-jobly/expressError.js": {"path":"/Users/jstern/rithm/exercises/33.1_express-jobly/express-jobly/expressError.js","statementMap":{"0":{"start":{"line":11,"column":4},"end":{"line":11,"column":12}},"1":{"start":{"line":12,"column":4},"end":{"line":12,"column":27}},"2":{"start":{"line":13,"column":4},"end":{"line":13,"column":25}},"3":{"start":{"line":21,"column":4},"end":{"line":21,"column":24}},"4":{"start":{"line":29,"column":4},"end":{"line":29,"column":24}},"5":{"start":{"line":37,"column":4},"end":{"line":37,"column":24}},"6":{"start":{"line":45,"column":4},"end":{"line":45,"column":24}},"7":{"start":{"line":49,"column":0},"end":{"line":55,"column":2}}},"fnMap":{"0":{"name":"(anonymous_0)","decl":{"start":{"line":10,"column":2},"end":{"line":10,"column":3}},"loc":{"start":{"line":10,"column":31},"end":{"line":14,"column":3}},"line":10},"1":{"name":"(anonymous_1)","decl":{"start":{"line":20,"column":2},"end":{"line":20,"column":3}},"loc":{"start":{"line":20,"column":37},"end":{"line":22,"column":3}},"line":20},"2":{"name":"(anonymous_2)","decl":{"start":{"line":28,"column":2},"end":{"line":28,"column":3}},"loc":{"start":{"line":28,"column":40},"end":{"line":30,"column":3}},"line":28},"3":{"name":"(anonymous_3)","decl":{"start":{"line":36,"column":2},"end":{"line":36,"column":3}},"loc":{"start":{"line":36,"column":39},"end":{"line":38,"column":3}},"line":36},"4":{"name":"(anonymous_4)","decl":{"start":{"line":44,"column":2},"end":{"line":44,"column":3}},"loc":{"start":{"line":44,"column":39},"end":{"line":46,"column":3}},"line":44}},"branchMap":{"0":{"loc":{"start":{"line":20,"column":14},"end":{"line":20,"column":35}},"type":"default-arg","locations":[{"start":{"line":20,"column":24},"end":{"line":20,"column":35}}],"line":20},"1":{"loc":{"start":{"line":28,"column":14},"end":{"line":28,"column":38}},"type":"default-arg","locations":[{"start":{"line":28,"column":24},"end":{"line":28,"column":38}}],"line":28},"2":{"loc":{"start":{"line":36,"column":14},"end":{"line":36,"column":37}},"type":"default-arg","locations":[{"start":{"line":36,"column":24},"end":{"line":36,"column":37}}],"line":36},"3":{"loc":{"start":{"line":44,"column":14},"end":{"line":44,"column":37}},"type":"default-arg","locations":[{"start":{"line":44,"column":24},"end":{"line":44,"column":37}}],"line":44}},"s":{"0":50,"1":50,"2":50,"3":14,"4":21,"5":15,"6":0,"7":8},"f":{"0":50,"1":14,"2":21,"3":15,"4":0},"b":{"0":[2],"1":[17],"2":[0],"3":[0]},"_coverageSchema":"1a1c01bbd47fc00a2c39e90264f33305004495a9","hash":"1b53f06f6fac5e06b2d06dcb951f535d6116d498"}
,"/Users/jstern/rithm/exercises/33.1_express-jobly/express-jobly/helpers/sql.js": {"path":"/Users/jstern/rithm/exercises/33.1_express-jobly/express-jobly/helpers/sql.js","statementMap":{"0":{"start":{"line":3,"column":28},"end":{"line":3,"column":54}},"1":{"start":{"line":28,"column":15},"end":{"line":28,"column":40}},"2":{"start":{"line":29,"column":2},"end":{"line":29,"column":62}},"3":{"start":{"line":29,"column":25},"end":{"line":29,"column":62}},"4":{"start":{"line":32,"column":15},"end":{"line":34,"column":3}},"5":{"start":{"line":33,"column":4},"end":{"line":33,"column":50}},"6":{"start":{"line":36,"column":2},"end":{"line":39,"column":4}},"7":{"start":{"line":42,"column":0},"end":{"line":42,"column":41}}},"fnMap":{"0":{"name":"sqlForPartialUpdate","decl":{"start":{"line":27,"column":9},"end":{"line":27,"column":28}},"loc":{"start":{"line":27,"column":52},"end":{"line":40,"column":1}},"line":27},"1":{"name":"(anonymous_1)","decl":{"start":{"line":32,"column":24},"end":{"line":32,"column":25}},"loc":{"start":{"line":33,"column":4},"end":{"line":33,"column":50}},"line":33}},"branchMap":{"0":{"loc":{"start":{"line":29,"column":2},"end":{"line":29,"column":62}},"type":"if","locations":[{"start":{"line":29,"column":2},"end":{"line":29,"column":62}},{"start":{},"end":{}}],"line":29},"1":{"loc":{"start":{"line":33,"column":8},"end":{"line":33,"column":35}},"type":"binary-expr","locations":[{"start":{"line":33,"column":8},"end":{"line":33,"column":24}},{"start":{"line":33,"column":28},"end":{"line":33,"column":35}}],"line":33}},"s":{"0":7,"1":17,"2":17,"3":2,"4":15,"5":31,"6":15,"7":7},"f":{"0":17,"1":31},"b":{"0":[2,15],"1":[31,14]},"_coverageSchema":"1a1c01bbd47fc00a2c39e90264f33305004495a9","hash":"3df7bf3b675f3d50234b091815bb77a03fa2cab8"}
,"/Users/jstern/rithm/exercises/33.1_express-jobly/express-jobly/helpers/tokens.js": {"path":"/Users/jstern/rithm/exercises/33.1_express-jobly/express-jobly/helpers/tokens.js","statementMap":{"0":{"start":{"line":3,"column":12},"end":{"line":3,"column":35}},"1":{"start":{"line":4,"column":23},"end":{"line":4,"column":43}},"2":{"start":{"line":9,"column":2},"end":{"line":10,"column":58}},"3":{"start":{"line":12,"column":16},"end":{"line":15,"column":3}},"4":{"start":{"line":17,"column":2},"end":{"line":17,"column":39}},"5":{"start":{"line":20,"column":0},"end":{"line":20,"column":33}}},"fnMap":{"0":{"name":"createToken","decl":{"start":{"line":8,"column":9},"end":{"line":8,"column":20}},"loc":{"start":{"line":8,"column":27},"end":{"line":18,"column":1}},"line":8}},"branchMap":{"0":{"loc":{"start":{"line":14,"column":13},"end":{"line":14,"column":34}},"type":"binary-expr","locations":[{"start":{"line":14,"column":13},"end":{"line":14,"column":25}},{"start":{"line":14,"column":29},"end":{"line":14,"column":34}}],"line":14}},"s":{"0":5,"1":5,"2":16,"3":16,"4":16,"5":5},"f":{"0":16},"b":{"0":[16,11]},"_coverageSchema":"1a1c01bbd47fc00a2c39e90264f33305004495a9","hash":"52bb32caaf9f4175a3f03a557748df8fae69b105"}
,"/Users/jstern/rithm/exercises/33.1_express-jobly/express-jobly/middleware/auth.js": {"path":"/Users/jstern/rithm/exercises/33.1_express-jobly/express-jobly/middleware/auth.js","statementMap":{"0":{"start":{"line":5,"column":12},"end":{"line":5,"column":35}},"1":{"start":{"line":6,"column":23},"end":{"line":6,"column":43}},"2":{"start":{"line":7,"column":30},"end":{"line":7,"column":56}},"3":{"start":{"line":19,"column":21},"end":{"line":19,"column":47}},"4":{"start":{"line":20,"column":2},"end":{"line":28,"column":3}},"5":{"start":{"line":21,"column":18},"end":{"line":21,"column":62}},"6":{"start":{"line":23,"column":4},"end":{"line":27,"column":5}},"7":{"start":{"line":24,"column":6},"end":{"line":24,"column":54}},"8":{"start":{"line":29,"column":2},"end":{"line":29,"column":16}},"9":{"start":{"line":39,"column":2},"end":{"line":39,"column":47}},"10":{"start":{"line":39,"column":33},"end":{"line":39,"column":47}},"11":{"start":{"line":40,"column":2},"end":{"line":40,"column":32}},"12":{"start":{"line":50,"column":2},"end":{"line":50,"column":46}},"13":{"start":{"line":50,"column":32},"end":{"line":50,"column":46}},"14":{"start":{"line":51,"column":2},"end":{"line":51,"column":32}},"15":{"start":{"line":55,"column":2},"end":{"line":55,"column":46}},"16":{"start":{"line":56,"column":2},"end":{"line":56,"column":98}},"17":{"start":{"line":56,"column":84},"end":{"line":56,"column":98}},"18":{"start":{"line":57,"column":2},"end":{"line":57,"column":32}},"19":{"start":{"line":61,"column":0},"end":{"line":66,"column":2}}},"fnMap":{"0":{"name":"authenticateJWT","decl":{"start":{"line":18,"column":9},"end":{"line":18,"column":24}},"loc":{"start":{"line":18,"column":41},"end":{"line":31,"column":1}},"line":18},"1":{"name":"ensureLoggedIn","decl":{"start":{"line":38,"column":9},"end":{"line":38,"column":23}},"loc":{"start":{"line":38,"column":40},"end":{"line":41,"column":1}},"line":38},"2":{"name":"checkIfAdmin","decl":{"start":{"line":49,"column":9},"end":{"line":49,"column":21}},"loc":{"start":{"line":49,"column":38},"end":{"line":52,"column":1}},"line":49},"3":{"name":"checkIfSelfOrAdmin","decl":{"start":{"line":54,"column":9},"end":{"line":54,"column":27}},"loc":{"start":{"line":54,"column":44},"end":{"line":58,"column":1}},"line":54}},"branchMap":{"0":{"loc":{"start":{"line":20,"column":2},"end":{"line":28,"column":3}},"type":"if","locations":[{"start":{"line":20,"column":2},"end":{"line":28,"column":3}},{"start":{},"end":{}}],"line":20},"1":{"loc":{"start":{"line":39,"column":2},"end":{"line":39,"column":47}},"type":"if","locations":[{"start":{"line":39,"column":2},"end":{"line":39,"column":47}},{"start":{},"end":{}}],"line":39},"2":{"loc":{"start":{"line":50,"column":2},"end":{"line":50,"column":46}},"type":"if","locations":[{"start":{"line":50,"column":2},"end":{"line":50,"column":46}},{"start":{},"end":{}}],"line":50},"3":{"loc":{"start":{"line":56,"column":2},"end":{"line":56,"column":98}},"type":"if","locations":[{"start":{"line":56,"column":2},"end":{"line":56,"column":98}},{"start":{},"end":{}}],"line":56},"4":{"loc":{"start":{"line":56,"column":6},"end":{"line":56,"column":82}},"type":"binary-expr","locations":[{"start":{"line":56,"column":6},"end":{"line":56,"column":30}},{"start":{"line":56,"column":34},"end":{"line":56,"column":82}}],"line":56}},"s":{"0":5,"1":5,"2":5,"3":62,"4":62,"5":35,"6":35,"7":35,"8":62,"9":43,"10":34,"11":9,"12":19,"13":14,"14":5,"15":14,"16":14,"17":11,"18":3,"19":5},"f":{"0":62,"1":43,"2":19,"3":14},"b":{"0":[35,27],"1":[34,9],"2":[14,5],"3":[11,3],"4":[14,7]},"_coverageSchema":"1a1c01bbd47fc00a2c39e90264f33305004495a9","hash":"80abe6cce749f1c680d650fa291f3165fb651851"}
,"/Users/jstern/rithm/exercises/33.1_express-jobly/express-jobly/models/_testCommon.js": {"path":"/Users/jstern/rithm/exercises/33.1_express-jobly/express-jobly/models/_testCommon.js","statementMap":{"0":{"start":{"line":3,"column":15},"end":{"line":3,"column":32}},"1":{"start":{"line":5,"column":11},"end":{"line":5,"column":30}},"2":{"start":{"line":6,"column":31},"end":{"line":6,"column":51}},"3":{"start":{"line":10,"column":2},"end":{"line":10,"column":42}},"4":{"start":{"line":12,"column":2},"end":{"line":12,"column":38}},"5":{"start":{"line":14,"column":2},"end":{"line":18,"column":57}},"6":{"start":{"line":20,"column":2},"end":{"line":31,"column":5}},"7":{"start":{"line":35,"column":2},"end":{"line":35,"column":26}},"8":{"start":{"line":39,"column":2},"end":{"line":39,"column":29}},"9":{"start":{"line":43,"column":2},"end":{"line":43,"column":17}},"10":{"start":{"line":47,"column":0},"end":{"line":52,"column":2}}},"fnMap":{"0":{"name":"commonBeforeAll","decl":{"start":{"line":8,"column":15},"end":{"line":8,"column":30}},"loc":{"start":{"line":8,"column":33},"end":{"line":32,"column":1}},"line":8},"1":{"name":"commonBeforeEach","decl":{"start":{"line":34,"column":15},"end":{"line":34,"column":31}},"loc":{"start":{"line":34,"column":34},"end":{"line":36,"column":1}},"line":34},"2":{"name":"commonAfterEach","decl":{"start":{"line":38,"column":15},"end":{"line":38,"column":30}},"loc":{"start":{"line":38,"column":33},"end":{"line":40,"column":1}},"line":38},"3":{"name":"commonAfterAll","decl":{"start":{"line":42,"column":15},"end":{"line":42,"column":29}},"loc":{"start":{"line":42,"column":32},"end":{"line":44,"column":1}},"line":42}},"branchMap":{},"s":{"0":3,"1":3,"2":3,"3":3,"4":3,"5":3,"6":3,"7":35,"8":35,"9":3,"10":3},"f":{"0":3,"1":35,"2":35,"3":3},"b":{},"_coverageSchema":"1a1c01bbd47fc00a2c39e90264f33305004495a9","hash":"2d9e5276eaf30ec2ba12fbaffbfd61a2f25b3ed2"}
,"/Users/jstern/rithm/exercises/33.1_express-jobly/express-jobly/models/company.js": {"path":"/Users/jstern/rithm/exercises/33.1_express-jobly/express-jobly/models/company.js","statementMap":{"0":{"start":{"line":3,"column":11},"end":{"line":3,"column":27}},"1":{"start":{"line":4,"column":43},"end":{"line":4,"column":69}},"2":{"start":{"line":5,"column":32},"end":{"line":5,"column":57}},"3":{"start":{"line":20,"column":27},"end":{"line":23,"column":37}},"4":{"start":{"line":25,"column":4},"end":{"line":26,"column":64}},"5":{"start":{"line":26,"column":6},"end":{"line":26,"column":64}},"6":{"start":{"line":28,"column":19},"end":{"line":47,"column":5}},"7":{"start":{"line":48,"column":20},"end":{"line":48,"column":34}},"8":{"start":{"line":50,"column":4},"end":{"line":50,"column":19}},"9":{"start":{"line":60,"column":18},"end":{"line":60,"column":45}},"10":{"start":{"line":62,"column":32},"end":{"line":62,"column":39}},"11":{"start":{"line":64,"column":25},"end":{"line":73,"column":11}},"12":{"start":{"line":74,"column":4},"end":{"line":74,"column":29}},"13":{"start":{"line":86,"column":23},"end":{"line":86,"column":25}},"14":{"start":{"line":87,"column":17},"end":{"line":87,"column":19}},"15":{"start":{"line":88,"column":16},"end":{"line":88,"column":17}},"16":{"start":{"line":91,"column":4},"end":{"line":124,"column":5}},"17":{"start":{"line":94,"column":6},"end":{"line":99,"column":7}},"18":{"start":{"line":95,"column":31},"end":{"line":95,"column":59}},"19":{"start":{"line":96,"column":8},"end":{"line":96,"column":19}},"20":{"start":{"line":97,"column":8},"end":{"line":97,"column":42}},"21":{"start":{"line":98,"column":8},"end":{"line":98,"column":40}},"22":{"start":{"line":102,"column":6},"end":{"line":107,"column":7}},"23":{"start":{"line":103,"column":31},"end":{"line":103,"column":59}},"24":{"start":{"line":104,"column":8},"end":{"line":104,"column":19}},"25":{"start":{"line":105,"column":8},"end":{"line":105,"column":42}},"26":{"start":{"line":106,"column":8},"end":{"line":106,"column":40}},"27":{"start":{"line":109,"column":6},"end":{"line":114,"column":7}},"28":{"start":{"line":110,"column":8},"end":{"line":113,"column":9}},"29":{"start":{"line":111,"column":10},"end":{"line":112,"column":64}},"30":{"start":{"line":117,"column":8},"end":{"line":122,"column":9}},"31":{"start":{"line":118,"column":36},"end":{"line":118,"column":58}},"32":{"start":{"line":119,"column":12},"end":{"line":119,"column":23}},"33":{"start":{"line":120,"column":12},"end":{"line":120,"column":47}},"34":{"start":{"line":121,"column":12},"end":{"line":121,"column":49}},"35":{"start":{"line":123,"column":8},"end":{"line":123,"column":49}},"36":{"start":{"line":125,"column":4},"end":{"line":127,"column":5}},"37":{"start":{"line":126,"column":6},"end":{"line":126,"column":43}},"38":{"start":{"line":129,"column":4},"end":{"line":129,"column":33}},"39":{"start":{"line":141,"column":23},"end":{"line":148,"column":37}},"40":{"start":{"line":150,"column":20},"end":{"line":150,"column":38}},"41":{"start":{"line":152,"column":4},"end":{"line":152,"column":67}},"42":{"start":{"line":152,"column":18},"end":{"line":152,"column":67}},"43":{"start":{"line":154,"column":4},"end":{"line":154,"column":19}},"44":{"start":{"line":175,"column":32},"end":{"line":180,"column":8}},"45":{"start":{"line":181,"column":25},"end":{"line":181,"column":50}},"46":{"start":{"line":183,"column":21},"end":{"line":192,"column":34}},"47":{"start":{"line":193,"column":19},"end":{"line":193,"column":64}},"48":{"start":{"line":194,"column":20},"end":{"line":194,"column":34}},"49":{"start":{"line":196,"column":4},"end":{"line":196,"column":67}},"50":{"start":{"line":196,"column":18},"end":{"line":196,"column":67}},"51":{"start":{"line":198,"column":4},"end":{"line":198,"column":19}},"52":{"start":{"line":207,"column":19},"end":{"line":211,"column":36}},"53":{"start":{"line":212,"column":20},"end":{"line":212,"column":34}},"54":{"start":{"line":214,"column":4},"end":{"line":214,"column":67}},"55":{"start":{"line":214,"column":18},"end":{"line":214,"column":67}},"56":{"start":{"line":218,"column":0},"end":{"line":218,"column":25}}},"fnMap":{"0":{"name":"(anonymous_0)","decl":{"start":{"line":19,"column":2},"end":{"line":19,"column":3}},"loc":{"start":{"line":19,"column":76},"end":{"line":51,"column":3}},"line":19},"1":{"name":"(anonymous_1)","decl":{"start":{"line":58,"column":2},"end":{"line":58,"column":3}},"loc":{"start":{"line":58,"column":30},"end":{"line":75,"column":3}},"line":58},"2":{"name":"(anonymous_2)","decl":{"start":{"line":84,"column":2},"end":{"line":84,"column":3}},"loc":{"start":{"line":84,"column":29},"end":{"line":130,"column":3}},"line":84},"3":{"name":"(anonymous_3)","decl":{"start":{"line":140,"column":2},"end":{"line":140,"column":3}},"loc":{"start":{"line":140,"column":26},"end":{"line":155,"column":3}},"line":140},"4":{"name":"(anonymous_4)","decl":{"start":{"line":174,"column":2},"end":{"line":174,"column":3}},"loc":{"start":{"line":174,"column":36},"end":{"line":199,"column":3}},"line":174},"5":{"name":"(anonymous_5)","decl":{"start":{"line":206,"column":2},"end":{"line":206,"column":3}},"loc":{"start":{"line":206,"column":30},"end":{"line":215,"column":3}},"line":206}},"branchMap":{"0":{"loc":{"start":{"line":25,"column":4},"end":{"line":26,"column":64}},"type":"if","locations":[{"start":{"line":25,"column":4},"end":{"line":26,"column":64}},{"start":{},"end":{}}],"line":25},"1":{"loc":{"start":{"line":91,"column":4},"end":{"line":124,"column":5}},"type":"if","locations":[{"start":{"line":91,"column":4},"end":{"line":124,"column":5}},{"start":{},"end":{}}],"line":91},"2":{"loc":{"start":{"line":94,"column":6},"end":{"line":99,"column":7}},"type":"if","locations":[{"start":{"line":94,"column":6},"end":{"line":99,"column":7}},{"start":{},"end":{}}],"line":94},"3":{"loc":{"start":{"line":102,"column":6},"end":{"line":107,"column":7}},"type":"if","locations":[{"start":{"line":102,"column":6},"end":{"line":107,"column":7}},{"start":{},"end":{}}],"line":102},"4":{"loc":{"start":{"line":109,"column":6},"end":{"line":114,"column":7}},"type":"if","locations":[{"start":{"line":109,"column":6},"end":{"line":114,"column":7}},{"start":{},"end":{}}],"line":109},"5":{"loc":{"start":{"line":109,"column":10},"end":{"line":109,"column":50}},"type":"binary-expr","locations":[{"start":{"line":109,"column":10},"end":{"line":109,"column":28}},{"start":{"line":109,"column":32},"end":{"line":109,"column":50}}],"line":109},"6":{"loc":{"start":{"line":110,"column":8},"end":{"line":113,"column":9}},"type":"if","locations":[{"start":{"line":110,"column":8},"end":{"line":113,"column":9}},{"start":{},"end":{}}],"line":110},"7":{"loc":{"start":{"line":117,"column":8},"end":{"line":122,"column":9}},"type":"if","locations":[{"start":{"line":117,"column":8},"end":{"line":122,"column":9}},{"start":{},"end":{}}],"line":117},"8":{"loc":{"start":{"line":125,"column":4},"end":{"line":127,"column":5}},"type":"if","locations":[{"start":{"line":125,"column":4},"end":{"line":127,"column":5}},{"start":{},"end":{}}],"line":125},"9":{"loc":{"start":{"line":152,"column":4},"end":{"line":152,"column":67}},"type":"if","locations":[{"start":{"line":152,"column":4},"end":{"line":152,"column":67}},{"start":{},"end":{}}],"line":152},"10":{"loc":{"start":{"line":196,"column":4},"end":{"line":196,"column":67}},"type":"if","locations":[{"start":{"line":196,"column":4},"end":{"line":196,"column":67}},{"start":{},"end":{}}],"line":196},"11":{"loc":{"start":{"line":214,"column":4},"end":{"line":214,"column":67}},"type":"if","locations":[{"start":{"line":214,"column":4},"end":{"line":214,"column":67}},{"start":{},"end":{}}],"line":214}},"s":{"0":5,"1":5,"2":5,"3":13,"4":13,"5":1,"6":12,"7":12,"8":12,"9":7,"10":7,"11":7,"12":7,"13":11,"14":11,"15":11,"16":11,"17":10,"18":5,"19":5,"20":5,"21":5,"22":10,"23":5,"24":5,"25":5,"26":5,"27":10,"28":3,"29":0,"30":10,"31":5,"32":5,"33":5,"34":5,"35":10,"36":11,"37":9,"38":11,"39":5,"40":5,"41":5,"42":2,"43":3,"44":6,"45":5,"46":5,"47":5,"48":5,"49":5,"50":2,"51":3,"52":4,"53":4,"54":4,"55":2,"56":5},"f":{"0":13,"1":7,"2":11,"3":5,"4":6,"5":4},"b":{"0":[1,12],"1":[10,1],"2":[5,5],"3":[5,5],"4":[3,7],"5":[10,5],"6":[0,3],"7":[5,5],"8":[9,2],"9":[2,3],"10":[2,3],"11":[2,2]},"_coverageSchema":"1a1c01bbd47fc00a2c39e90264f33305004495a9","hash":"0e09cd3c4a86f1cddd08a4593725fb4174d680f1"}
,"/Users/jstern/rithm/exercises/33.1_express-jobly/express-jobly/models/user.js": {"path":"/Users/jstern/rithm/exercises/33.1_express-jobly/express-jobly/models/user.js","statementMap":{"0":{"start":{"line":3,"column":11},"end":{"line":3,"column":27}},"1":{"start":{"line":4,"column":15},"end":{"line":4,"column":32}},"2":{"start":{"line":5,"column":32},"end":{"line":5,"column":57}},"3":{"start":{"line":10,"column":4},"end":{"line":10,"column":30}},"4":{"start":{"line":12,"column":31},"end":{"line":12,"column":54}},"5":{"start":{"line":26,"column":19},"end":{"line":35,"column":5}},"6":{"start":{"line":37,"column":17},"end":{"line":37,"column":31}},"7":{"start":{"line":39,"column":4},"end":{"line":46,"column":5}},"8":{"start":{"line":41,"column":22},"end":{"line":41,"column":67}},"9":{"start":{"line":42,"column":6},"end":{"line":45,"column":7}},"10":{"start":{"line":43,"column":8},"end":{"line":43,"column":29}},"11":{"start":{"line":44,"column":8},"end":{"line":44,"column":20}},"12":{"start":{"line":48,"column":4},"end":{"line":48,"column":61}},"13":{"start":{"line":60,"column":27},"end":{"line":64,"column":5}},"14":{"start":{"line":66,"column":4},"end":{"line":68,"column":5}},"15":{"start":{"line":67,"column":6},"end":{"line":67,"column":67}},"16":{"start":{"line":70,"column":27},"end":{"line":70,"column":74}},"17":{"start":{"line":72,"column":19},"end":{"line":94,"column":5}},"18":{"start":{"line":96,"column":17},"end":{"line":96,"column":31}},"19":{"start":{"line":98,"column":4},"end":{"line":98,"column":16}},"20":{"start":{"line":107,"column":19},"end":{"line":115,"column":5}},"21":{"start":{"line":117,"column":4},"end":{"line":117,"column":23}},"22":{"start":{"line":129,"column":20},"end":{"line":137,"column":5}},"23":{"start":{"line":139,"column":17},"end":{"line":139,"column":32}},"24":{"start":{"line":141,"column":4},"end":{"line":141,"column":63}},"25":{"start":{"line":141,"column":15},"end":{"line":141,"column":63}},"26":{"start":{"line":143,"column":4},"end":{"line":143,"column":16}},"27":{"start":{"line":169,"column":4},"end":{"line":171,"column":5}},"28":{"start":{"line":170,"column":6},"end":{"line":170,"column":75}},"29":{"start":{"line":173,"column":32},"end":{"line":179,"column":10}},"30":{"start":{"line":180,"column":27},"end":{"line":180,"column":52}},"31":{"start":{"line":182,"column":21},"end":{"line":190,"column":34}},"32":{"start":{"line":191,"column":19},"end":{"line":191,"column":66}},"33":{"start":{"line":192,"column":17},"end":{"line":192,"column":31}},"34":{"start":{"line":194,"column":4},"end":{"line":194,"column":63}},"35":{"start":{"line":194,"column":15},"end":{"line":194,"column":63}},"36":{"start":{"line":196,"column":4},"end":{"line":196,"column":25}},"37":{"start":{"line":197,"column":4},"end":{"line":197,"column":16}},"38":{"start":{"line":203,"column":17},"end":{"line":208,"column":5}},"39":{"start":{"line":209,"column":17},"end":{"line":209,"column":31}},"40":{"start":{"line":211,"column":4},"end":{"line":211,"column":63}},"41":{"start":{"line":211,"column":15},"end":{"line":211,"column":63}},"42":{"start":{"line":217,"column":0},"end":{"line":217,"column":22}}},"fnMap":{"0":{"name":"(anonymous_0)","decl":{"start":{"line":24,"column":2},"end":{"line":24,"column":3}},"loc":{"start":{"line":24,"column":48},"end":{"line":49,"column":3}},"line":24},"1":{"name":"(anonymous_1)","decl":{"start":{"line":58,"column":2},"end":{"line":58,"column":3}},"loc":{"start":{"line":59,"column":67},"end":{"line":99,"column":3}},"line":59},"2":{"name":"(anonymous_2)","decl":{"start":{"line":106,"column":2},"end":{"line":106,"column":3}},"loc":{"start":{"line":106,"column":25},"end":{"line":118,"column":3}},"line":106},"3":{"name":"(anonymous_3)","decl":{"start":{"line":128,"column":2},"end":{"line":128,"column":3}},"loc":{"start":{"line":128,"column":29},"end":{"line":144,"column":3}},"line":128},"4":{"name":"(anonymous_4)","decl":{"start":{"line":168,"column":2},"end":{"line":168,"column":3}},"loc":{"start":{"line":168,"column":38},"end":{"line":198,"column":3}},"line":168},"5":{"name":"(anonymous_5)","decl":{"start":{"line":202,"column":2},"end":{"line":202,"column":3}},"loc":{"start":{"line":202,"column":32},"end":{"line":212,"column":3}},"line":202}},"branchMap":{"0":{"loc":{"start":{"line":39,"column":4},"end":{"line":46,"column":5}},"type":"if","locations":[{"start":{"line":39,"column":4},"end":{"line":46,"column":5}},{"start":{},"end":{}}],"line":39},"1":{"loc":{"start":{"line":42,"column":6},"end":{"line":45,"column":7}},"type":"if","locations":[{"start":{"line":42,"column":6},"end":{"line":45,"column":7}},{"start":{},"end":{}}],"line":42},"2":{"loc":{"start":{"line":66,"column":4},"end":{"line":68,"column":5}},"type":"if","locations":[{"start":{"line":66,"column":4},"end":{"line":68,"column":5}},{"start":{},"end":{}}],"line":66},"3":{"loc":{"start":{"line":141,"column":4},"end":{"line":141,"column":63}},"type":"if","locations":[{"start":{"line":141,"column":4},"end":{"line":141,"column":63}},{"start":{},"end":{}}],"line":141},"4":{"loc":{"start":{"line":169,"column":4},"end":{"line":171,"column":5}},"type":"if","locations":[{"start":{"line":169,"column":4},"end":{"line":171,"column":5}},{"start":{},"end":{}}],"line":169},"5":{"loc":{"start":{"line":194,"column":4},"end":{"line":194,"column":63}},"type":"if","locations":[{"start":{"line":194,"column":4},"end":{"line":194,"column":63}},{"start":{},"end":{}}],"line":194},"6":{"loc":{"start":{"line":211,"column":4},"end":{"line":211,"column":63}},"type":"if","locations":[{"start":{"line":211,"column":4},"end":{"line":211,"column":63}},{"start":{},"end":{}}],"line":211}},"s":{"0":5,"1":5,"2":5,"3":5,"4":5,"5":7,"6":7,"7":7,"8":4,"9":4,"10":3,"11":3,"12":4,"13":16,"14":16,"15":1,"16":15,"17":15,"18":15,"19":15,"20":2,"21":2,"22":5,"23":5,"24":5,"25":2,"26":3,"27":8,"28":2,"29":8,"30":7,"31":7,"32":7,"33":7,"34":7,"35":2,"36":5,"37":5,"38":5,"39":5,"40":5,"41":2,"42":5},"f":{"0":7,"1":16,"2":2,"3":5,"4":8,"5":5},"b":{"0":[4,3],"1":[3,1],"2":[1,15],"3":[2,3],"4":[2,6],"5":[2,5],"6":[2,3]},"_coverageSchema":"1a1c01bbd47fc00a2c39e90264f33305004495a9","hash":"9bc96fc50ca97d6bd941fd2d3477894d3508ee9b"}
,"/Users/jstern/rithm/exercises/33.1_express-jobly/express-jobly/routes/_testCommon.js": {"path":"/Users/jstern/rithm/exercises/33.1_express-jobly/express-jobly/routes/_testCommon.js","statementMap":{"0":{"start":{"line":3,"column":11},"end":{"line":3,"column":30}},"1":{"start":{"line":4,"column":13},"end":{"line":4,"column":38}},"2":{"start":{"line":5,"column":16},"end":{"line":5,"column":44}},"3":{"start":{"line":6,"column":24},"end":{"line":6,"column":52}},"4":{"start":{"line":10,"column":2},"end":{"line":10,"column":38}},"5":{"start":{"line":12,"column":2},"end":{"line":12,"column":42}},"6":{"start":{"line":14,"column":2},"end":{"line":21,"column":9}},"7":{"start":{"line":22,"column":2},"end":{"line":29,"column":9}},"8":{"start":{"line":30,"column":2},"end":{"line":37,"column":9}},"9":{"start":{"line":39,"column":2},"end":{"line":46,"column":5}},"10":{"start":{"line":47,"column":2},"end":{"line":54,"column":5}},"11":{"start":{"line":55,"column":2},"end":{"line":62,"column":5}},"12":{"start":{"line":66,"column":2},"end":{"line":66,"column":26}},"13":{"start":{"line":70,"column":2},"end":{"line":70,"column":29}},"14":{"start":{"line":74,"column":2},"end":{"line":74,"column":17}},"15":{"start":{"line":78,"column":16},"end":{"line":78,"column":63}},"16":{"start":{"line":79,"column":16},"end":{"line":79,"column":63}},"17":{"start":{"line":80,"column":16},"end":{"line":80,"column":62}},"18":{"start":{"line":83,"column":0},"end":{"line":89,"column":2}}},"fnMap":{"0":{"name":"commonBeforeAll","decl":{"start":{"line":8,"column":15},"end":{"line":8,"column":30}},"loc":{"start":{"line":8,"column":33},"end":{"line":63,"column":1}},"line":8},"1":{"name":"commonBeforeEach","decl":{"start":{"line":65,"column":15},"end":{"line":65,"column":31}},"loc":{"start":{"line":65,"column":34},"end":{"line":67,"column":1}},"line":65},"2":{"name":"commonAfterEach","decl":{"start":{"line":69,"column":15},"end":{"line":69,"column":30}},"loc":{"start":{"line":69,"column":33},"end":{"line":71,"column":1}},"line":69},"3":{"name":"commonAfterAll","decl":{"start":{"line":73,"column":15},"end":{"line":73,"column":29}},"loc":{"start":{"line":73,"column":32},"end":{"line":75,"column":1}},"line":73}},"branchMap":{},"s":{"0":3,"1":3,"2":3,"3":3,"4":3,"5":3,"6":3,"7":3,"8":3,"9":3,"10":3,"11":3,"12":57,"13":57,"14":3,"15":3,"16":3,"17":3,"18":3},"f":{"0":3,"1":57,"2":57,"3":3},"b":{},"_coverageSchema":"1a1c01bbd47fc00a2c39e90264f33305004495a9","hash":"ae11d29810ecc55721b8e83dbf4ce9d8f6397009"}
,"/Users/jstern/rithm/exercises/33.1_express-jobly/express-jobly/routes/auth.js": {"path":"/Users/jstern/rithm/exercises/33.1_express-jobly/express-jobly/routes/auth.js","statementMap":{"0":{"start":{"line":5,"column":19},"end":{"line":5,"column":40}},"1":{"start":{"line":7,"column":13},"end":{"line":7,"column":38}},"2":{"start":{"line":8,"column":16},"end":{"line":8,"column":34}},"3":{"start":{"line":9,"column":15},"end":{"line":9,"column":35}},"4":{"start":{"line":10,"column":24},"end":{"line":10,"column":52}},"5":{"start":{"line":11,"column":23},"end":{"line":11,"column":58}},"6":{"start":{"line":12,"column":27},"end":{"line":12,"column":66}},"7":{"start":{"line":13,"column":28},"end":{"line":13,"column":54}},"8":{"start":{"line":22,"column":0},"end":{"line":37,"column":3}},"9":{"start":{"line":23,"column":20},"end":{"line":27,"column":3}},"10":{"start":{"line":28,"column":2},"end":{"line":31,"column":3}},"11":{"start":{"line":29,"column":17},"end":{"line":29,"column":51}},"12":{"start":{"line":29,"column":43},"end":{"line":29,"column":50}},"13":{"start":{"line":30,"column":4},"end":{"line":30,"column":36}},"14":{"start":{"line":33,"column":33},"end":{"line":33,"column":41}},"15":{"start":{"line":34,"column":15},"end":{"line":34,"column":58}},"16":{"start":{"line":35,"column":16},"end":{"line":35,"column":33}},"17":{"start":{"line":36,"column":2},"end":{"line":36,"column":29}},"18":{"start":{"line":49,"column":0},"end":{"line":63,"column":3}},"19":{"start":{"line":50,"column":20},"end":{"line":54,"column":3}},"20":{"start":{"line":55,"column":2},"end":{"line":58,"column":3}},"21":{"start":{"line":56,"column":17},"end":{"line":56,"column":51}},"22":{"start":{"line":56,"column":43},"end":{"line":56,"column":50}},"23":{"start":{"line":57,"column":4},"end":{"line":57,"column":36}},"24":{"start":{"line":60,"column":18},"end":{"line":60,"column":70}},"25":{"start":{"line":61,"column":16},"end":{"line":61,"column":36}},"26":{"start":{"line":62,"column":2},"end":{"line":62,"column":41}},"27":{"start":{"line":66,"column":0},"end":{"line":66,"column":24}}},"fnMap":{"0":{"name":"(anonymous_0)","decl":{"start":{"line":22,"column":22},"end":{"line":22,"column":23}},"loc":{"start":{"line":22,"column":54},"end":{"line":37,"column":1}},"line":22},"1":{"name":"(anonymous_1)","decl":{"start":{"line":29,"column":38},"end":{"line":29,"column":39}},"loc":{"start":{"line":29,"column":43},"end":{"line":29,"column":50}},"line":29},"2":{"name":"(anonymous_2)","decl":{"start":{"line":49,"column":25},"end":{"line":49,"column":26}},"loc":{"start":{"line":49,"column":57},"end":{"line":63,"column":1}},"line":49},"3":{"name":"(anonymous_3)","decl":{"start":{"line":56,"column":38},"end":{"line":56,"column":39}},"loc":{"start":{"line":56,"column":43},"end":{"line":56,"column":50}},"line":56}},"branchMap":{"0":{"loc":{"start":{"line":28,"column":2},"end":{"line":31,"column":3}},"type":"if","locations":[{"start":{"line":28,"column":2},"end":{"line":31,"column":3}},{"start":{},"end":{}}],"line":28},"1":{"loc":{"start":{"line":55,"column":2},"end":{"line":58,"column":3}},"type":"if","locations":[{"start":{"line":55,"column":2},"end":{"line":58,"column":3}},{"start":{},"end":{}}],"line":55}},"s":{"0":4,"1":4,"2":4,"3":4,"4":4,"5":4,"6":4,"7":4,"8":4,"9":5,"10":5,"11":2,"12":2,"13":2,"14":3,"15":3,"16":1,"17":1,"18":4,"19":3,"20":3,"21":2,"22":5,"23":2,"24":1,"25":1,"26":1,"27":4},"f":{"0":5,"1":2,"2":3,"3":5},"b":{"0":[2,3],"1":[2,1]},"_coverageSchema":"1a1c01bbd47fc00a2c39e90264f33305004495a9","hash":"c87f0ce57994f3e4c85b957e10c3888ba3091825"}
,"/Users/jstern/rithm/exercises/33.1_express-jobly/express-jobly/routes/companies.js": {"path":"/Users/jstern/rithm/exercises/33.1_express-jobly/express-jobly/routes/companies.js","statementMap":{"0":{"start":{"line":5,"column":19},"end":{"line":5,"column":40}},"1":{"start":{"line":6,"column":16},"end":{"line":6,"column":34}},"2":{"start":{"line":8,"column":28},"end":{"line":8,"column":54}},"3":{"start":{"line":9,"column":41},"end":{"line":9,"column":70}},"4":{"start":{"line":10,"column":16},"end":{"line":10,"column":44}},"5":{"start":{"line":12,"column":25},"end":{"line":12,"column":62}},"6":{"start":{"line":13,"column":28},"end":{"line":13,"column":68}},"7":{"start":{"line":14,"column":27},"end":{"line":14,"column":66}},"8":{"start":{"line":16,"column":15},"end":{"line":16,"column":35}},"9":{"start":{"line":28,"column":0},"end":{"line":41,"column":3}},"10":{"start":{"line":29,"column":20},"end":{"line":33,"column":3}},"11":{"start":{"line":34,"column":2},"end":{"line":37,"column":3}},"12":{"start":{"line":35,"column":17},"end":{"line":35,"column":51}},"13":{"start":{"line":35,"column":43},"end":{"line":35,"column":50}},"14":{"start":{"line":36,"column":4},"end":{"line":36,"column":36}},"15":{"start":{"line":39,"column":18},"end":{"line":39,"column":48}},"16":{"start":{"line":40,"column":2},"end":{"line":40,"column":43}},"17":{"start":{"line":55,"column":0},"end":{"line":79,"column":3}},"18":{"start":{"line":57,"column":10},"end":{"line":57,"column":19}},"19":{"start":{"line":58,"column":2},"end":{"line":60,"column":3}},"20":{"start":{"line":59,"column":4},"end":{"line":59,"column":44}},"21":{"start":{"line":61,"column":2},"end":{"line":63,"column":3}},"22":{"start":{"line":62,"column":4},"end":{"line":62,"column":44}},"23":{"start":{"line":65,"column":20},"end":{"line":69,"column":3}},"24":{"start":{"line":71,"column":2},"end":{"line":74,"column":3}},"25":{"start":{"line":72,"column":17},"end":{"line":72,"column":51}},"26":{"start":{"line":72,"column":43},"end":{"line":72,"column":50}},"27":{"start":{"line":73,"column":4},"end":{"line":73,"column":36}},"28":{"start":{"line":76,"column":14},"end":{"line":76,"column":21}},"29":{"start":{"line":77,"column":20},"end":{"line":77,"column":48}},"30":{"start":{"line":78,"column":2},"end":{"line":78,"column":33}},"31":{"start":{"line":89,"column":0},"end":{"line":92,"column":3}},"32":{"start":{"line":90,"column":18},"end":{"line":90,"column":54}},"33":{"start":{"line":91,"column":2},"end":{"line":91,"column":31}},"34":{"start":{"line":105,"column":0},"end":{"line":118,"column":3}},"35":{"start":{"line":106,"column":20},"end":{"line":110,"column":3}},"36":{"start":{"line":111,"column":2},"end":{"line":114,"column":3}},"37":{"start":{"line":112,"column":17},"end":{"line":112,"column":51}},"38":{"start":{"line":112,"column":43},"end":{"line":112,"column":50}},"39":{"start":{"line":113,"column":4},"end":{"line":113,"column":36}},"40":{"start":{"line":116,"column":18},"end":{"line":116,"column":67}},"41":{"start":{"line":117,"column":2},"end":{"line":117,"column":31}},"42":{"start":{"line":125,"column":0},"end":{"line":128,"column":3}},"43":{"start":{"line":126,"column":2},"end":{"line":126,"column":42}},"44":{"start":{"line":127,"column":2},"end":{"line":127,"column":50}},"45":{"start":{"line":131,"column":0},"end":{"line":131,"column":24}}},"fnMap":{"0":{"name":"(anonymous_0)","decl":{"start":{"line":28,"column":47},"end":{"line":28,"column":48}},"loc":{"start":{"line":28,"column":79},"end":{"line":41,"column":1}},"line":28},"1":{"name":"(anonymous_1)","decl":{"start":{"line":35,"column":38},"end":{"line":35,"column":39}},"loc":{"start":{"line":35,"column":43},"end":{"line":35,"column":50}},"line":35},"2":{"name":"(anonymous_2)","decl":{"start":{"line":55,"column":16},"end":{"line":55,"column":17}},"loc":{"start":{"line":55,"column":48},"end":{"line":79,"column":1}},"line":55},"3":{"name":"(anonymous_3)","decl":{"start":{"line":72,"column":38},"end":{"line":72,"column":39}},"loc":{"start":{"line":72,"column":43},"end":{"line":72,"column":50}},"line":72},"4":{"name":"(anonymous_4)","decl":{"start":{"line":89,"column":23},"end":{"line":89,"column":24}},"loc":{"start":{"line":89,"column":55},"end":{"line":92,"column":1}},"line":89},"5":{"name":"(anonymous_5)","decl":{"start":{"line":105,"column":55},"end":{"line":105,"column":56}},"loc":{"start":{"line":105,"column":87},"end":{"line":118,"column":1}},"line":105},"6":{"name":"(anonymous_6)","decl":{"start":{"line":112,"column":38},"end":{"line":112,"column":39}},"loc":{"start":{"line":112,"column":43},"end":{"line":112,"column":50}},"line":112},"7":{"name":"(anonymous_7)","decl":{"start":{"line":125,"column":56},"end":{"line":125,"column":57}},"loc":{"start":{"line":125,"column":88},"end":{"line":128,"column":1}},"line":125}},"branchMap":{"0":{"loc":{"start":{"line":34,"column":2},"end":{"line":37,"column":3}},"type":"if","locations":[{"start":{"line":34,"column":2},"end":{"line":37,"column":3}},{"start":{},"end":{}}],"line":34},"1":{"loc":{"start":{"line":58,"column":2},"end":{"line":60,"column":3}},"type":"if","locations":[{"start":{"line":58,"column":2},"end":{"line":60,"column":3}},{"start":{},"end":{}}],"line":58},"2":{"loc":{"start":{"line":61,"column":2},"end":{"line":63,"column":3}},"type":"if","locations":[{"start":{"line":61,"column":2},"end":{"line":63,"column":3}},{"start":{},"end":{}}],"line":61},"3":{"loc":{"start":{"line":71,"column":2},"end":{"line":74,"column":3}},"type":"if","locations":[{"start":{"line":71,"column":2},"end":{"line":74,"column":3}},{"start":{},"end":{}}],"line":71},"4":{"loc":{"start":{"line":76,"column":14},"end":{"line":76,"column":21}},"type":"binary-expr","locations":[{"start":{"line":76,"column":14},"end":{"line":76,"column":15}},{"start":{"line":76,"column":19},"end":{"line":76,"column":21}}],"line":76},"5":{"loc":{"start":{"line":111,"column":2},"end":{"line":114,"column":3}},"type":"if","locations":[{"start":{"line":111,"column":2},"end":{"line":114,"column":3}},{"start":{},"end":{}}],"line":111}},"s":{"0":4,"1":4,"2":4,"3":4,"4":4,"5":4,"6":4,"7":4,"8":4,"9":4,"10":3,"11":3,"12":2,"13":3,"14":2,"15":1,"16":1,"17":4,"18":6,"19":6,"20":3,"21":6,"22":3,"23":6,"24":6,"25":0,"26":0,"27":0,"28":6,"29":6,"30":6,"31":4,"32":3,"33":2,"34":4,"35":4,"36":4,"37":2,"38":2,"39":2,"40":2,"41":1,"42":4,"43":2,"44":1,"45":4},"f":{"0":3,"1":3,"2":6,"3":0,"4":3,"5":4,"6":2,"7":2},"b":{"0":[2,1],"1":[3,3],"2":[3,3],"3":[0,6],"4":[6,0],"5":[2,2]},"_coverageSchema":"1a1c01bbd47fc00a2c39e90264f33305004495a9","hash":"56c455da0bef8a0183bd8c0377233b7de98a2f87"}
,"/Users/jstern/rithm/exercises/33.1_express-jobly/express-jobly/routes/users.js": {"path":"/Users/jstern/rithm/exercises/33.1_express-jobly/express-jobly/routes/users.js","statementMap":{"0":{"start":{"line":5,"column":19},"end":{"line":5,"column":40}},"1":{"start":{"line":7,"column":16},"end":{"line":7,"column":34}},"2":{"start":{"line":8,"column":61},"end":{"line":8,"column":90}},"3":{"start":{"line":9,"column":28},"end":{"line":9,"column":54}},"4":{"start":{"line":10,"column":13},"end":{"line":10,"column":38}},"5":{"start":{"line":11,"column":24},"end":{"line":11,"column":52}},"6":{"start":{"line":12,"column":22},"end":{"line":12,"column":56}},"7":{"start":{"line":13,"column":25},"end":{"line":13,"column":62}},"8":{"start":{"line":15,"column":15},"end":{"line":15,"column":31}},"9":{"start":{"line":30,"column":0},"end":{"line":45,"column":3}},"10":{"start":{"line":31,"column":20},"end":{"line":35,"column":3}},"11":{"start":{"line":37,"column":2},"end":{"line":40,"column":3}},"12":{"start":{"line":38,"column":17},"end":{"line":38,"column":51}},"13":{"start":{"line":38,"column":43},"end":{"line":38,"column":50}},"14":{"start":{"line":39,"column":4},"end":{"line":39,"column":36}},"15":{"start":{"line":42,"column":15},"end":{"line":42,"column":44}},"16":{"start":{"line":43,"column":16},"end":{"line":43,"column":33}},"17":{"start":{"line":44,"column":2},"end":{"line":44,"column":47}},"18":{"start":{"line":55,"column":0},"end":{"line":58,"column":3}},"19":{"start":{"line":56,"column":16},"end":{"line":56,"column":36}},"20":{"start":{"line":57,"column":2},"end":{"line":57,"column":29}},"21":{"start":{"line":68,"column":0},"end":{"line":71,"column":3}},"22":{"start":{"line":69,"column":15},"end":{"line":69,"column":50}},"23":{"start":{"line":70,"column":2},"end":{"line":70,"column":28}},"24":{"start":{"line":84,"column":0},"end":{"line":97,"column":3}},"25":{"start":{"line":85,"column":20},"end":{"line":89,"column":3}},"26":{"start":{"line":90,"column":2},"end":{"line":93,"column":3}},"27":{"start":{"line":91,"column":17},"end":{"line":91,"column":51}},"28":{"start":{"line":91,"column":43},"end":{"line":91,"column":50}},"29":{"start":{"line":92,"column":4},"end":{"line":92,"column":36}},"30":{"start":{"line":95,"column":15},"end":{"line":95,"column":63}},"31":{"start":{"line":96,"column":2},"end":{"line":96,"column":28}},"32":{"start":{"line":105,"column":0},"end":{"line":108,"column":3}},"33":{"start":{"line":106,"column":2},"end":{"line":106,"column":41}},"34":{"start":{"line":107,"column":2},"end":{"line":107,"column":52}},"35":{"start":{"line":111,"column":0},"end":{"line":111,"column":24}}},"fnMap":{"0":{"name":"(anonymous_0)","decl":{"start":{"line":30,"column":47},"end":{"line":30,"column":48}},"loc":{"start":{"line":30,"column":79},"end":{"line":45,"column":1}},"line":30},"1":{"name":"(anonymous_1)","decl":{"start":{"line":38,"column":38},"end":{"line":38,"column":39}},"loc":{"start":{"line":38,"column":43},"end":{"line":38,"column":50}},"line":38},"2":{"name":"(anonymous_2)","decl":{"start":{"line":55,"column":46},"end":{"line":55,"column":47}},"loc":{"start":{"line":55,"column":78},"end":{"line":58,"column":1}},"line":55},"3":{"name":"(anonymous_3)","decl":{"start":{"line":68,"column":61},"end":{"line":68,"column":62}},"loc":{"start":{"line":68,"column":93},"end":{"line":71,"column":1}},"line":68},"4":{"name":"(anonymous_4)","decl":{"start":{"line":84,"column":63},"end":{"line":84,"column":64}},"loc":{"start":{"line":84,"column":95},"end":{"line":97,"column":1}},"line":84},"5":{"name":"(anonymous_5)","decl":{"start":{"line":91,"column":38},"end":{"line":91,"column":39}},"loc":{"start":{"line":91,"column":43},"end":{"line":91,"column":50}},"line":91},"6":{"name":"(anonymous_6)","decl":{"start":{"line":105,"column":64},"end":{"line":105,"column":65}},"loc":{"start":{"line":105,"column":96},"end":{"line":108,"column":1}},"line":105}},"branchMap":{"0":{"loc":{"start":{"line":37,"column":2},"end":{"line":40,"column":3}},"type":"if","locations":[{"start":{"line":37,"column":2},"end":{"line":40,"column":3}},{"start":{},"end":{}}],"line":37},"1":{"loc":{"start":{"line":90,"column":2},"end":{"line":93,"column":3}},"type":"if","locations":[{"start":{"line":90,"column":2},"end":{"line":93,"column":3}},{"start":{},"end":{}}],"line":90}},"s":{"0":4,"1":4,"2":4,"3":4,"4":4,"5":4,"6":4,"7":4,"8":4,"9":4,"10":4,"11":4,"12":2,"13":5,"14":2,"15":2,"16":2,"17":2,"18":4,"19":1,"20":1,"21":4,"22":3,"23":2,"24":4,"25":5,"26":5,"27":1,"28":1,"29":1,"30":4,"31":3,"32":4,"33":3,"34":2,"35":4},"f":{"0":4,"1":5,"2":1,"3":3,"4":5,"5":1,"6":3},"b":{"0":[2,2],"1":[1,4]},"_coverageSchema":"1a1c01bbd47fc00a2c39e90264f33305004495a9","hash":"ec4ac0e07982cd9971eef470518a1f7363a630d4"}
}
