TN:
SF:app.js
FN:30,(anonymous_0)
FN:35,(anonymous_1)
FNF:2
FNH:2
FNDA:2,(anonymous_0)
FNDA:36,(anonymous_1)
DA:5,4
DA:6,4
DA:8,4
DA:10,4
DA:11,4
DA:12,4
DA:13,4
DA:15,4
DA:17,4
DA:19,4
DA:20,4
DA:21,4
DA:22,4
DA:24,4
DA:25,4
DA:26,4
DA:30,4
DA:31,2
DA:35,4
DA:36,36
DA:37,36
DA:38,36
DA:40,36
DA:45,4
LF:24
LH:24
BRDA:36,0,0,1
BRDA:36,0,1,35
BRDA:37,1,0,36
BRDA:37,1,1,0
BRF:4
BRH:3
end_of_record
TN:
SF:config.js
FN:13,getDatabaseUri
FNF:1
FNH:1
FNDA:20,getDatabaseUri
DA:5,10
DA:6,10
DA:8,10
DA:10,10
DA:14,20
DA:22,10
DA:24,10
DA:25,10
DA:26,10
DA:27,10
DA:28,10
DA:29,10
DA:31,10
LF:13
LH:13
BRDA:8,0,0,10
BRDA:8,0,1,0
BRDA:10,1,0,10
BRDA:10,1,1,9
BRDA:14,2,0,17
BRDA:14,2,1,3
BRDA:16,3,0,3
BRDA:16,3,1,1
BRDA:22,4,0,9
BRDA:22,4,1,1
BRF:10
BRH:9
end_of_record
TN:
SF:db.js
FNF:0
FNH:0
DA:5,7
DA:6,7
DA:8,7
DA:12,7
DA:14,7
LF:5
LH:5
BRF:0
BRH:0
end_of_record
TN:
SF:expressError.js
FN:10,(anonymous_0)
FN:20,(anonymous_1)
FN:28,(anonymous_2)
FN:36,(anonymous_3)
FN:44,(anonymous_4)
FNF:5
FNH:4
FNDA:50,(anonymous_0)
FNDA:14,(anonymous_1)
FNDA:21,(anonymous_2)
FNDA:15,(anonymous_3)
FNDA:0,(anonymous_4)
DA:11,50
DA:12,50
DA:13,50
DA:21,14
DA:29,21
DA:37,15
DA:45,0
DA:49,8
LF:8
LH:7
BRDA:20,0,0,2
BRDA:28,1,0,17
BRDA:36,2,0,0
BRDA:44,3,0,0
BRF:4
BRH:2
end_of_record
TN:
SF:helpers/sql.js
FN:27,sqlForPartialUpdate
FN:32,(anonymous_1)
FNF:2
FNH:2
FNDA:17,sqlForPartialUpdate
FNDA:31,(anonymous_1)
DA:3,7
DA:28,17
DA:29,17
DA:32,15
DA:33,31
DA:36,15
DA:42,7
LF:7
LH:7
BRDA:29,0,0,2
BRDA:29,0,1,15
BRDA:33,1,0,31
BRDA:33,1,1,14
BRF:4
BRH:4
end_of_record
TN:
SF:helpers/tokens.js
FN:8,createToken
FNF:1
FNH:1
FNDA:16,createToken
DA:3,5
DA:4,5
DA:9,16
DA:12,16
DA:17,16
DA:20,5
LF:6
LH:6
BRDA:14,0,0,16
BRDA:14,0,1,11
BRF:2
BRH:2
end_of_record
TN:
SF:middleware/auth.js
FN:18,authenticateJWT
FN:38,ensureLoggedIn
FN:49,checkIfAdmin
FN:54,checkIfSelfOrAdmin
FNF:4
FNH:4
FNDA:62,authenticateJWT
FNDA:43,ensureLoggedIn
FNDA:19,checkIfAdmin
FNDA:14,checkIfSelfOrAdmin
DA:5,5
DA:6,5
DA:7,5
DA:19,62
DA:20,62
DA:21,35
DA:23,35
DA:24,35
DA:29,62
DA:39,43
DA:40,9
DA:50,19
DA:51,5
DA:55,14
DA:56,14
DA:57,3
DA:61,5
LF:17
LH:17
BRDA:20,0,0,35
BRDA:20,0,1,27
BRDA:39,1,0,34
BRDA:39,1,1,9
BRDA:50,2,0,14
BRDA:50,2,1,5
BRDA:56,3,0,11
BRDA:56,3,1,3
BRDA:56,4,0,14
BRDA:56,4,1,7
BRF:10
BRH:10
end_of_record
TN:
SF:models/_testCommon.js
FN:8,commonBeforeAll
FN:34,commonBeforeEach
FN:38,commonAfterEach
FN:42,commonAfterAll
FNF:4
FNH:4
FNDA:3,commonBeforeAll
FNDA:35,commonBeforeEach
FNDA:35,commonAfterEach
FNDA:3,commonAfterAll
DA:3,3
DA:5,3
DA:6,3
DA:10,3
DA:12,3
DA:14,3
DA:20,3
DA:35,35
DA:39,35
DA:43,3
DA:47,3
LF:11
LH:11
BRF:0
BRH:0
end_of_record
TN:
SF:models/company.js
FN:19,(anonymous_0)
FN:58,(anonymous_1)
FN:84,(anonymous_2)
FN:140,(anonymous_3)
FN:174,(anonymous_4)
FN:206,(anonymous_5)
FNF:6
FNH:6
FNDA:13,(anonymous_0)
FNDA:7,(anonymous_1)
FNDA:11,(anonymous_2)
FNDA:5,(anonymous_3)
FNDA:6,(anonymous_4)
FNDA:4,(anonymous_5)
DA:3,5
DA:4,5
DA:5,5
DA:20,13
DA:25,13
DA:26,1
DA:28,12
DA:48,12
DA:50,12
DA:60,7
DA:62,7
DA:64,7
DA:74,7
DA:86,11
DA:87,11
DA:88,11
DA:91,11
DA:94,10
DA:95,5
DA:96,5
DA:97,5
DA:98,5
DA:102,10
DA:103,5
DA:104,5
DA:105,5
DA:106,5
DA:109,10
DA:110,3
DA:111,0
DA:117,10
DA:118,5
DA:119,5
DA:120,5
DA:121,5
DA:123,10
DA:125,11
DA:126,9
DA:129,11
DA:141,5
DA:150,5
DA:152,5
DA:154,3
DA:175,6
DA:181,5
DA:183,5
DA:193,5
DA:194,5
DA:196,5
DA:198,3
DA:207,4
DA:212,4
DA:214,4
DA:218,5
LF:54
LH:53
BRDA:25,0,0,1
BRDA:25,0,1,12
BRDA:91,1,0,10
BRDA:91,1,1,1
BRDA:94,2,0,5
BRDA:94,2,1,5
BRDA:102,3,0,5
BRDA:102,3,1,5
BRDA:109,4,0,3
BRDA:109,4,1,7
BRDA:109,5,0,10
BRDA:109,5,1,5
BRDA:110,6,0,0
BRDA:110,6,1,3
BRDA:117,7,0,5
BRDA:117,7,1,5
BRDA:125,8,0,9
BRDA:125,8,1,2
BRDA:152,9,0,2
BRDA:152,9,1,3
BRDA:196,10,0,2
BRDA:196,10,1,3
BRDA:214,11,0,2
BRDA:214,11,1,2
BRF:24
BRH:23
end_of_record
TN:
SF:models/user.js
FN:24,(anonymous_0)
FN:58,(anonymous_1)
FN:106,(anonymous_2)
FN:128,(anonymous_3)
FN:168,(anonymous_4)
FN:202,(anonymous_5)
FNF:6
FNH:6
FNDA:7,(anonymous_0)
FNDA:16,(anonymous_1)
FNDA:2,(anonymous_2)
FNDA:5,(anonymous_3)
FNDA:8,(anonymous_4)
FNDA:5,(anonymous_5)
DA:3,5
DA:4,5
DA:5,5
DA:10,5
DA:12,5
DA:26,7
DA:37,7
DA:39,7
DA:41,4
DA:42,4
DA:43,3
DA:44,3
DA:48,4
DA:60,16
DA:66,16
DA:67,1
DA:70,15
DA:72,15
DA:96,15
DA:98,15
DA:107,2
DA:117,2
DA:129,5
DA:139,5
DA:141,5
DA:143,3
DA:169,8
DA:170,2
DA:173,8
DA:180,7
DA:182,7
DA:191,7
DA:192,7
DA:194,7
DA:196,5
DA:197,5
DA:203,5
DA:209,5
DA:211,5
DA:217,5
LF:40
LH:40
BRDA:39,0,0,4
BRDA:39,0,1,3
BRDA:42,1,0,3
BRDA:42,1,1,1
BRDA:66,2,0,1
BRDA:66,2,1,15
BRDA:141,3,0,2
BRDA:141,3,1,3
BRDA:169,4,0,2
BRDA:169,4,1,6
BRDA:194,5,0,2
BRDA:194,5,1,5
BRDA:211,6,0,2
BRDA:211,6,1,3
BRF:14
BRH:14
end_of_record
TN:
SF:routes/_testCommon.js
FN:8,commonBeforeAll
FN:65,commonBeforeEach
FN:69,commonAfterEach
FN:73,commonAfterAll
FNF:4
FNH:4
FNDA:3,commonBeforeAll
FNDA:57,commonBeforeEach
FNDA:57,commonAfterEach
FNDA:3,commonAfterAll
DA:3,3
DA:4,3
DA:5,3
DA:6,3
DA:10,3
DA:12,3
DA:14,3
DA:22,3
DA:30,3
DA:39,3
DA:47,3
DA:55,3
DA:66,57
DA:70,57
DA:74,3
DA:78,3
DA:79,3
DA:80,3
DA:83,3
LF:19
LH:19
BRF:0
BRH:0
end_of_record
TN:
SF:routes/auth.js
FN:22,(anonymous_0)
FN:29,(anonymous_1)
FN:49,(anonymous_2)
FN:56,(anonymous_3)
FNF:4
FNH:4
FNDA:5,(anonymous_0)
FNDA:2,(anonymous_1)
FNDA:3,(anonymous_2)
FNDA:5,(anonymous_3)
DA:5,4
DA:7,4
DA:8,4
DA:9,4
DA:10,4
DA:11,4
DA:12,4
DA:13,4
DA:22,4
DA:23,5
DA:28,5
DA:29,2
DA:30,2
DA:33,3
DA:34,3
DA:35,1
DA:36,1
DA:49,4
DA:50,3
DA:55,3
DA:56,5
DA:57,2
DA:60,1
DA:61,1
DA:62,1
DA:66,4
LF:26
LH:26
BRDA:28,0,0,2
BRDA:28,0,1,3
BRDA:55,1,0,2
BRDA:55,1,1,1
BRF:4
BRH:4
end_of_record
TN:
SF:routes/companies.js
FN:28,(anonymous_0)
FN:35,(anonymous_1)
FN:55,(anonymous_2)
FN:72,(anonymous_3)
FN:89,(anonymous_4)
FN:105,(anonymous_5)
FN:112,(anonymous_6)
FN:125,(anonymous_7)
FNF:8
FNH:7
FNDA:3,(anonymous_0)
FNDA:3,(anonymous_1)
FNDA:6,(anonymous_2)
FNDA:0,(anonymous_3)
FNDA:3,(anonymous_4)
FNDA:4,(anonymous_5)
FNDA:2,(anonymous_6)
FNDA:2,(anonymous_7)
DA:5,4
DA:6,4
DA:8,4
DA:9,4
DA:10,4
DA:12,4
DA:13,4
DA:14,4
DA:16,4
DA:28,4
DA:29,3
DA:34,3
DA:35,3
DA:36,2
DA:39,1
DA:40,1
DA:55,4
DA:57,6
DA:58,6
DA:59,3
DA:61,6
DA:62,3
DA:65,6
DA:71,6
DA:72,0
DA:73,0
DA:76,6
DA:77,6
DA:78,6
DA:89,4
DA:90,3
DA:91,2
DA:105,4
DA:106,4
DA:111,4
DA:112,2
DA:113,2
DA:116,2
DA:117,1
DA:125,4
DA:126,2
DA:127,1
DA:131,4
LF:43
LH:41
BRDA:34,0,0,2
BRDA:34,0,1,1
BRDA:58,1,0,3
BRDA:58,1,1,3
BRDA:61,2,0,3
BRDA:61,2,1,3
BRDA:71,3,0,0
BRDA:71,3,1,6
BRDA:76,4,0,6
BRDA:76,4,1,0
BRDA:111,5,0,2
BRDA:111,5,1,2
BRF:12
BRH:10
end_of_record
TN:
SF:routes/users.js
FN:30,(anonymous_0)
FN:38,(anonymous_1)
FN:55,(anonymous_2)
FN:68,(anonymous_3)
FN:84,(anonymous_4)
FN:91,(anonymous_5)
FN:105,(anonymous_6)
FNF:7
FNH:7
FNDA:4,(anonymous_0)
FNDA:5,(anonymous_1)
FNDA:1,(anonymous_2)
FNDA:3,(anonymous_3)
FNDA:5,(anonymous_4)
FNDA:1,(anonymous_5)
FNDA:3,(anonymous_6)
DA:5,4
DA:7,4
DA:8,4
DA:9,4
DA:10,4
DA:11,4
DA:12,4
DA:13,4
DA:15,4
DA:30,4
DA:31,4
DA:37,4
DA:38,5
DA:39,2
DA:42,2
DA:43,2
DA:44,2
DA:55,4
DA:56,1
DA:57,1
DA:68,4
DA:69,3
DA:70,2
DA:84,4
DA:85,5
DA:90,5
DA:91,1
DA:92,1
DA:95,4
DA:96,3
DA:105,4
DA:106,3
DA:107,2
DA:111,4
LF:34
LH:34
BRDA:37,0,0,2
BRDA:37,0,1,2
BRDA:90,1,0,1
BRDA:90,1,1,4
BRF:4
BRH:4
end_of_record
