TN:
SF:config.js
FN:13,getDatabaseUri
FNF:1
FNH:1
FNDA:2,getDatabaseUri
DA:5,1
DA:6,1
DA:8,1
DA:10,1
DA:14,2
DA:22,1
DA:24,1
DA:25,1
DA:26,1
DA:27,1
DA:28,1
DA:29,1
DA:31,1
LF:13
LH:13
BRDA:8,0,0,1
BRDA:8,0,1,0
BRDA:10,1,0,1
BRDA:10,1,1,1
BRDA:14,2,0,2
BRDA:14,2,1,0
BRDA:16,3,0,0
BRDA:16,3,1,0
BRDA:22,4,0,1
BRDA:22,4,1,0
BRF:10
BRH:5
end_of_record
TN:
SF:db.js
FNF:0
FNH:0
DA:5,1
DA:6,1
DA:8,1
DA:12,1
DA:14,1
LF:5
LH:5
BRF:0
BRH:0
end_of_record
TN:
SF:expressError.js
FN:10,(anonymous_0)
FN:20,(anonymous_1)
FN:28,(anonymous_2)
FN:36,(anonymous_3)
FN:44,(anonymous_4)
FNF:5
FNH:0
FNDA:0,(anonymous_0)
FNDA:0,(anonymous_1)
FNDA:0,(anonymous_2)
FNDA:0,(anonymous_3)
FNDA:0,(anonymous_4)
DA:11,0
DA:12,0
DA:13,0
DA:21,0
DA:29,0
DA:37,0
DA:45,0
DA:49,1
LF:8
LH:1
BRDA:20,0,0,0
BRDA:28,1,0,0
BRDA:36,2,0,0
BRDA:44,3,0,0
BRF:4
BRH:0
end_of_record
TN:
SF:helpers/sql.js
FN:25,sqlForPartialUpdate
FN:30,(anonymous_1)
FNF:2
FNH:2
FNDA:3,sqlForPartialUpdate
FNDA:7,(anonymous_1)
DA:3,1
DA:26,3
DA:27,3
DA:30,3
DA:31,7
DA:34,3
DA:40,1
LF:7
LH:7
BRDA:27,0,0,0
BRDA:27,0,1,3
BRDA:31,1,0,7
BRDA:31,1,1,3
BRF:4
BRH:3
end_of_record
TN:
SF:models/_testCommon.js
FN:8,commonBeforeAll
FN:34,commonBeforeEach
FN:38,commonAfterEach
FN:42,commonAfterAll
FNF:4
FNH:4
FNDA:1,commonBeforeAll
FNDA:4,commonBeforeEach
FNDA:4,commonAfterEach
FNDA:1,commonAfterAll
DA:3,1
DA:5,1
DA:6,1
DA:10,1
DA:12,1
DA:14,1
DA:20,1
DA:35,4
DA:39,4
DA:43,1
DA:47,1
LF:11
LH:11
BRF:0
BRH:0
end_of_record
